Testsuite: net.sourceforge.czt.animation.eval.AnimateSequencesTest
Tests run: 87, Failures: 40, Errors: 0, Time elapsed: 199.031 sec
------------- Standard Output ---------------
loaded rule setminus
loaded rule taildef
loaded rule IncludeDecl
loaded rule domainsubtraction
loaded rule subset
loaded rule subseteq
loaded rule ExistsSchema
loaded rule inverse
loaded rule symdiff
loaded rule prefixdef
loaded rule reloverride
loaded rule relcomp
loaded rule seconddef
loaded rule emptysetTyped
loaded rule EmptyDeclList
loaded rule infixdef
loaded rule literalsequence
loaded rule frontdef
loaded rule relimage
loaded rule headdef
loaded rule rangerestriction
loaded rule domainrestriction
loaded rule genunion
loaded rule range
loaded rule unfolddefn
loaded rule genunion2
loaded rule TopLevelExistsSchema
loaded rule VarDecl
loaded rule funccomp
loaded rule genintersection
loaded rule genunion1
loaded rule filterdef
loaded rule SchemaConstruction
loaded rule identity
loaded rule partitiondef
loaded rule firstdef
loaded rule TopLevelSchemaExpr
loaded rule intersection
loaded rule disjointdef
loaded rule dcat0
loaded rule dcat1
loaded rule SchemaPrime
loaded rule SchemaRef
loaded rule squash
loaded rule suffixdef
loaded rule rangesubtraction
loaded rule extractdef
loaded rule reverse
loaded rule dcatdistributive
loaded rule genunion3
loaded rule lambda
loaded rule domain
loaded rule lastdef
loaded rule num1
loaded rule maplet
Compare: set sizes 0, 0
Passed test:animate_sequences.tex:63
Compare: set sizes 1, 1
Passed test:animate_sequences.tex:64
Passed test:animate_sequences.tex:67
Passed test:animate_sequences.tex:68
Passed test:animate_sequences.tex:69
Passed test:animate_sequences.tex:70
Passed test:animate_sequences.tex:71
Passed undef test: animate_sequences.tex:72
Compare: set sizes 0, 0
Passed test:animate_sequences.tex:75
Compare: set sizes 2, 2
Passed test:animate_sequences.tex:76
Compare: set sizes 0, 0
Passed test:animate_sequences.tex:77
Compare: set sizes 1, 1
Passed test:animate_sequences.tex:78
Compare: set sizes 9, 9
Passed test:animate_sequences.tex:79
Passed undef test: animate_sequences.tex:80
Passed test:animate_sequences.tex:83
Passed test:animate_sequences.tex:84
Passed test:animate_sequences.tex:85
Passed test:animate_sequences.tex:86
Passed test:animate_sequences.tex:87
Passed undef test: animate_sequences.tex:88
Compare: set sizes 0, 0
Passed test:animate_sequences.tex:91
Compare: set sizes 2, 2
Passed test:animate_sequences.tex:92
Compare: set sizes 0, 0
Passed test:animate_sequences.tex:93
Compare: set sizes 1, 1
Passed test:animate_sequences.tex:94
Compare: set sizes 9, 9
Passed test:animate_sequences.tex:95
Passed undef test: animate_sequences.tex:96
schText freevars = []
schText boundvars = [x]
body freevars = [x]
freevars = [x]
Passed test:animate_sequences.tex:100
schText freevars = []
schText boundvars = [x]
body freevars = [x]
freevars = [x]
Passed test:animate_sequences.tex:101
schText freevars = []
schText boundvars = [x]
body freevars = [x]
freevars = [x]
Passed test:animate_sequences.tex:102
schText freevars = []
schText boundvars = [x]
body freevars = [x]
freevars = [x]
Passed test:animate_sequences.tex:103
schText freevars = []
schText boundvars = [x]
body freevars = [x]
freevars = [x]
Passed test:animate_sequences.tex:104
Compare: set sizes 0, 0
Passed test:animate_sequences.tex:129
Compare: set sizes 0, 0
Passed test:animate_sequences.tex:135
Compare: set sizes 1, 1
Passed test:animate_sequences.tex:136
Compare: set sizes 2, 2
Passed test:animate_sequences.tex:137
Compare: set sizes 2, 2
Passed test:animate_sequences.tex:138
Compare: set sizes 2, 2
Passed test:animate_sequences.tex:139
Passed undef test: animate_sequences.tex:140
Compare: set sizes 0, 0
Passed test:animate_sequences.tex:144
Compare: set sizes 1, 1
Passed test:animate_sequences.tex:145
Compare: set sizes 2, 2
Passed test:animate_sequences.tex:146
Compare: set sizes 0, 0
Passed test:animate_sequences.tex:147
Compare: set sizes 2, 2
Passed test:animate_sequences.tex:148
Compare: set sizes 0, 0
Passed test:animate_sequences.tex:151
Compare: set sizes 1, 1
Passed test:animate_sequences.tex:152
Compare: set sizes 1, 1
Passed test:animate_sequences.tex:153
Compare: set sizes 2, 2
Passed test:animate_sequences.tex:154
------------- ---------------- ---------------
------------- Standard Error -----------------
Typeckecking failed:
["jar:file:/E:/marku/czt/trunk/lib/parser.jar!/lib/set_toolkit.tex", line 234: Undeclared identifier: X, No location information: Undeclared identifier: X, "jar:file:/E:/marku/czt/trunk/lib/parser.jar!/lib/set_toolkit.tex", line 235: Undeclared identifier: X, No location information: Undeclared identifier: X, "jar:file:/E:/marku/czt/trunk/lib/parser.jar!/lib/set_toolkit.tex", line 235: Undeclared identifier: a, "jar:file:/E:/marku/czt/trunk/lib/parser.jar!/lib/set_toolkit.tex", line 235: Undeclared identifier: x]
------------- ---------------- ---------------

Testcase: animate_sequences.tex:28 took 3.031 sec
	FAILED
Should not throw exception net.sourceforge.czt.animation.eval.EvalException: Error: unfolded term contains type errors.
"jar:file:/E:/marku/czt/trunk/lib/parser.jar!/lib/set_toolkit.tex", line 19: Undeclared identifier: X"jar:file:/E:/marku/czt/trunk/lib/parser.jar!/lib/set_toolkit.tex", line 19: Undeclared identifier: YNo location information: Undeclared identifier: X"jar:file:/E:/marku/czt/trunk/lib/zlive.jar!/preprocess.tex", line 87: Undeclared identifier: xNo location information: Undeclared identifier: X
junit.framework.AssertionFailedError: Should not throw exception net.sourceforge.czt.animation.eval.EvalException: Error: unfolded term contains type errors.
"jar:file:/E:/marku/czt/trunk/lib/parser.jar!/lib/set_toolkit.tex", line 19: Undeclared identifier: X"jar:file:/E:/marku/czt/trunk/lib/parser.jar!/lib/set_toolkit.tex", line 19: Undeclared identifier: YNo location information: Undeclared identifier: X"jar:file:/E:/marku/czt/trunk/lib/zlive.jar!/preprocess.tex", line 87: Undeclared identifier: xNo location information: Undeclared identifier: X
	at net.sourceforge.czt.animation.eval.EvalTest$PredTest.runTest(EvalTest.java:110)

Testcase: animate_sequences.tex:29 took 3.032 sec
	FAILED
Should not throw exception net.sourceforge.czt.animation.eval.EvalException: Error: unfolded term contains type errors.
No location information: Undeclared identifier: unknown(X)"jar:file:/E:/marku/czt/trunk/lib/zlive.jar!/preprocess.tex", line 87: Undeclared identifier: x"jar:file:/E:/marku/czt/trunk/lib/zlive.jar!/preprocess.tex", line 144: Undeclared identifier: x"jar:file:/E:/marku/czt/trunk/lib/zlive.jar!/preprocess.tex", line 144: Undeclared identifier: x
junit.framework.AssertionFailedError: Should not throw exception net.sourceforge.czt.animation.eval.EvalException: Error: unfolded term contains type errors.
No location information: Undeclared identifier: unknown(X)"jar:file:/E:/marku/czt/trunk/lib/zlive.jar!/preprocess.tex", line 87: Undeclared identifier: x"jar:file:/E:/marku/czt/trunk/lib/zlive.jar!/preprocess.tex", line 144: Undeclared identifier: x"jar:file:/E:/marku/czt/trunk/lib/zlive.jar!/preprocess.tex", line 144: Undeclared identifier: x
	at net.sourceforge.czt.animation.eval.EvalTest$PredTest.runTest(EvalTest.java:110)

Testcase: animate_sequences.tex:31 took 3.14 sec
	FAILED
Should not throw exception net.sourceforge.czt.animation.eval.EvalException: Error: unfolded term contains type errors.
No location information: Undeclared identifier: unknown(X)"jar:file:/E:/marku/czt/trunk/lib/zlive.jar!/preprocess.tex", line 87: Undeclared identifier: x"jar:file:/E:/marku/czt/trunk/lib/zlive.jar!/preprocess.tex", line 144: Undeclared identifier: x"jar:file:/E:/marku/czt/trunk/lib/zlive.jar!/preprocess.tex", line 144: Undeclared identifier: x
junit.framework.AssertionFailedError: Should not throw exception net.sourceforge.czt.animation.eval.EvalException: Error: unfolded term contains type errors.
No location information: Undeclared identifier: unknown(X)"jar:file:/E:/marku/czt/trunk/lib/zlive.jar!/preprocess.tex", line 87: Undeclared identifier: x"jar:file:/E:/marku/czt/trunk/lib/zlive.jar!/preprocess.tex", line 144: Undeclared identifier: x"jar:file:/E:/marku/czt/trunk/lib/zlive.jar!/preprocess.tex", line 144: Undeclared identifier: x
	at net.sourceforge.czt.animation.eval.EvalTest$PredTest.runTest(EvalTest.java:110)

Testcase: animate_sequences.tex:32 took 3.438 sec
	FAILED
Should not throw exception net.sourceforge.czt.animation.eval.EvalException: Error: unfolded term contains type errors.
No location information: Undeclared identifier: unknown(X)"jar:file:/E:/marku/czt/trunk/lib/zlive.jar!/preprocess.tex", line 87: Undeclared identifier: x"jar:file:/E:/marku/czt/trunk/lib/zlive.jar!/preprocess.tex", line 144: Undeclared identifier: x"jar:file:/E:/marku/czt/trunk/lib/zlive.jar!/preprocess.tex", line 144: Undeclared identifier: x
junit.framework.AssertionFailedError: Should not throw exception net.sourceforge.czt.animation.eval.EvalException: Error: unfolded term contains type errors.
No location information: Undeclared identifier: unknown(X)"jar:file:/E:/marku/czt/trunk/lib/zlive.jar!/preprocess.tex", line 87: Undeclared identifier: x"jar:file:/E:/marku/czt/trunk/lib/zlive.jar!/preprocess.tex", line 144: Undeclared identifier: x"jar:file:/E:/marku/czt/trunk/lib/zlive.jar!/preprocess.tex", line 144: Undeclared identifier: x
	at net.sourceforge.czt.animation.eval.EvalTest$PredTest.runTest(EvalTest.java:110)

Testcase: animate_sequences.tex:34 took 3.39 sec
	FAILED
Should not throw exception net.sourceforge.czt.animation.eval.EvalException: Error: unfolded term contains type errors.
No location information: Undeclared identifier: unknown(X)"jar:file:/E:/marku/czt/trunk/lib/zlive.jar!/preprocess.tex", line 87: Undeclared identifier: x"jar:file:/E:/marku/czt/trunk/lib/zlive.jar!/preprocess.tex", line 144: Undeclared identifier: x"jar:file:/E:/marku/czt/trunk/lib/zlive.jar!/preprocess.tex", line 144: Undeclared identifier: x
junit.framework.AssertionFailedError: Should not throw exception net.sourceforge.czt.animation.eval.EvalException: Error: unfolded term contains type errors.
No location information: Undeclared identifier: unknown(X)"jar:file:/E:/marku/czt/trunk/lib/zlive.jar!/preprocess.tex", line 87: Undeclared identifier: x"jar:file:/E:/marku/czt/trunk/lib/zlive.jar!/preprocess.tex", line 144: Undeclared identifier: x"jar:file:/E:/marku/czt/trunk/lib/zlive.jar!/preprocess.tex", line 144: Undeclared identifier: x
	at net.sourceforge.czt.animation.eval.EvalTest$PredTest.runTest(EvalTest.java:110)

Testcase: animate_sequences.tex:35 took 3.391 sec
	FAILED
Should not throw exception net.sourceforge.czt.animation.eval.EvalException: Error: unfolded term contains type errors.
No location information: Undeclared identifier: unknown(X)"jar:file:/E:/marku/czt/trunk/lib/zlive.jar!/preprocess.tex", line 87: Undeclared identifier: x"jar:file:/E:/marku/czt/trunk/lib/zlive.jar!/preprocess.tex", line 144: Undeclared identifier: x"jar:file:/E:/marku/czt/trunk/lib/zlive.jar!/preprocess.tex", line 144: Undeclared identifier: x
junit.framework.AssertionFailedError: Should not throw exception net.sourceforge.czt.animation.eval.EvalException: Error: unfolded term contains type errors.
No location information: Undeclared identifier: unknown(X)"jar:file:/E:/marku/czt/trunk/lib/zlive.jar!/preprocess.tex", line 87: Undeclared identifier: x"jar:file:/E:/marku/czt/trunk/lib/zlive.jar!/preprocess.tex", line 144: Undeclared identifier: x"jar:file:/E:/marku/czt/trunk/lib/zlive.jar!/preprocess.tex", line 144: Undeclared identifier: x
	at net.sourceforge.czt.animation.eval.EvalTest$PredTest.runTest(EvalTest.java:110)

Testcase: animate_sequences.tex:36 took 3.703 sec
	FAILED
Should not throw exception net.sourceforge.czt.animation.eval.EvalException: Error: unfolded term contains type errors.
No location information: Undeclared identifier: unknown(X)"jar:file:/E:/marku/czt/trunk/lib/zlive.jar!/preprocess.tex", line 87: Undeclared identifier: x"jar:file:/E:/marku/czt/trunk/lib/zlive.jar!/preprocess.tex", line 144: Undeclared identifier: x"jar:file:/E:/marku/czt/trunk/lib/zlive.jar!/preprocess.tex", line 144: Undeclared identifier: x
junit.framework.AssertionFailedError: Should not throw exception net.sourceforge.czt.animation.eval.EvalException: Error: unfolded term contains type errors.
No location information: Undeclared identifier: unknown(X)"jar:file:/E:/marku/czt/trunk/lib/zlive.jar!/preprocess.tex", line 87: Undeclared identifier: x"jar:file:/E:/marku/czt/trunk/lib/zlive.jar!/preprocess.tex", line 144: Undeclared identifier: x"jar:file:/E:/marku/czt/trunk/lib/zlive.jar!/preprocess.tex", line 144: Undeclared identifier: x
	at net.sourceforge.czt.animation.eval.EvalTest$PredTest.runTest(EvalTest.java:110)

Testcase: animate_sequences.tex:40 took 4.125 sec
	FAILED
Should not throw exception net.sourceforge.czt.animation.eval.EvalException: Error: unfolded term contains type errors.
No location information: Undeclared identifier: unknown(X)"jar:file:/E:/marku/czt/trunk/lib/zlive.jar!/preprocess.tex", line 87: Undeclared identifier: x"jar:file:/E:/marku/czt/trunk/lib/zlive.jar!/preprocess.tex", line 144: Undeclared identifier: x"jar:file:/E:/marku/czt/trunk/lib/zlive.jar!/preprocess.tex", line 144: Undeclared identifier: x
junit.framework.AssertionFailedError: Should not throw exception net.sourceforge.czt.animation.eval.EvalException: Error: unfolded term contains type errors.
No location information: Undeclared identifier: unknown(X)"jar:file:/E:/marku/czt/trunk/lib/zlive.jar!/preprocess.tex", line 87: Undeclared identifier: x"jar:file:/E:/marku/czt/trunk/lib/zlive.jar!/preprocess.tex", line 144: Undeclared identifier: x"jar:file:/E:/marku/czt/trunk/lib/zlive.jar!/preprocess.tex", line 144: Undeclared identifier: x
	at net.sourceforge.czt.animation.eval.EvalTest$PredTest.runTest(EvalTest.java:110)

Testcase: animate_sequences.tex:41 took 4.141 sec
	FAILED
Should not throw exception net.sourceforge.czt.animation.eval.EvalException: Error: unfolded term contains type errors.
No location information: Undeclared identifier: unknown(X)"jar:file:/E:/marku/czt/trunk/lib/zlive.jar!/preprocess.tex", line 87: Undeclared identifier: x"jar:file:/E:/marku/czt/trunk/lib/zlive.jar!/preprocess.tex", line 144: Undeclared identifier: x"jar:file:/E:/marku/czt/trunk/lib/zlive.jar!/preprocess.tex", line 144: Undeclared identifier: x
junit.framework.AssertionFailedError: Should not throw exception net.sourceforge.czt.animation.eval.EvalException: Error: unfolded term contains type errors.
No location information: Undeclared identifier: unknown(X)"jar:file:/E:/marku/czt/trunk/lib/zlive.jar!/preprocess.tex", line 87: Undeclared identifier: x"jar:file:/E:/marku/czt/trunk/lib/zlive.jar!/preprocess.tex", line 144: Undeclared identifier: x"jar:file:/E:/marku/czt/trunk/lib/zlive.jar!/preprocess.tex", line 144: Undeclared identifier: x
	at net.sourceforge.czt.animation.eval.EvalTest$PredTest.runTest(EvalTest.java:110)

Testcase: animate_sequences.tex:43 took 4.297 sec
	FAILED
Should not throw exception net.sourceforge.czt.animation.eval.EvalException: Error: unfolded term contains type errors.
No location information: Undeclared identifier: unknown(X)"jar:file:/E:/marku/czt/trunk/lib/zlive.jar!/preprocess.tex", line 87: Undeclared identifier: x"jar:file:/E:/marku/czt/trunk/lib/zlive.jar!/preprocess.tex", line 144: Undeclared identifier: x"jar:file:/E:/marku/czt/trunk/lib/zlive.jar!/preprocess.tex", line 144: Undeclared identifier: x
junit.framework.AssertionFailedError: Should not throw exception net.sourceforge.czt.animation.eval.EvalException: Error: unfolded term contains type errors.
No location information: Undeclared identifier: unknown(X)"jar:file:/E:/marku/czt/trunk/lib/zlive.jar!/preprocess.tex", line 87: Undeclared identifier: x"jar:file:/E:/marku/czt/trunk/lib/zlive.jar!/preprocess.tex", line 144: Undeclared identifier: x"jar:file:/E:/marku/czt/trunk/lib/zlive.jar!/preprocess.tex", line 144: Undeclared identifier: x
	at net.sourceforge.czt.animation.eval.EvalTest$PredTest.runTest(EvalTest.java:110)

Testcase: animate_sequences.tex:44 took 4.625 sec
	FAILED
Should not throw exception net.sourceforge.czt.animation.eval.EvalException: Error: unfolded term contains type errors.
No location information: Undeclared identifier: unknown(X)"jar:file:/E:/marku/czt/trunk/lib/zlive.jar!/preprocess.tex", line 87: Undeclared identifier: x"jar:file:/E:/marku/czt/trunk/lib/zlive.jar!/preprocess.tex", line 144: Undeclared identifier: x"jar:file:/E:/marku/czt/trunk/lib/zlive.jar!/preprocess.tex", line 144: Undeclared identifier: x
junit.framework.AssertionFailedError: Should not throw exception net.sourceforge.czt.animation.eval.EvalException: Error: unfolded term contains type errors.
No location information: Undeclared identifier: unknown(X)"jar:file:/E:/marku/czt/trunk/lib/zlive.jar!/preprocess.tex", line 87: Undeclared identifier: x"jar:file:/E:/marku/czt/trunk/lib/zlive.jar!/preprocess.tex", line 144: Undeclared identifier: x"jar:file:/E:/marku/czt/trunk/lib/zlive.jar!/preprocess.tex", line 144: Undeclared identifier: x
	at net.sourceforge.czt.animation.eval.EvalTest$PredTest.runTest(EvalTest.java:110)

Testcase: animate_sequences.tex:46 took 4.546 sec
	FAILED
Should not throw exception net.sourceforge.czt.animation.eval.EvalException: Error: unfolded term contains type errors.
No location information: Undeclared identifier: unknown(X)"jar:file:/E:/marku/czt/trunk/lib/zlive.jar!/preprocess.tex", line 87: Undeclared identifier: x"jar:file:/E:/marku/czt/trunk/lib/zlive.jar!/preprocess.tex", line 144: Undeclared identifier: x"jar:file:/E:/marku/czt/trunk/lib/zlive.jar!/preprocess.tex", line 144: Undeclared identifier: x
junit.framework.AssertionFailedError: Should not throw exception net.sourceforge.czt.animation.eval.EvalException: Error: unfolded term contains type errors.
No location information: Undeclared identifier: unknown(X)"jar:file:/E:/marku/czt/trunk/lib/zlive.jar!/preprocess.tex", line 87: Undeclared identifier: x"jar:file:/E:/marku/czt/trunk/lib/zlive.jar!/preprocess.tex", line 144: Undeclared identifier: x"jar:file:/E:/marku/czt/trunk/lib/zlive.jar!/preprocess.tex", line 144: Undeclared identifier: x
	at net.sourceforge.czt.animation.eval.EvalTest$PredTest.runTest(EvalTest.java:110)

Testcase: animate_sequences.tex:47 took 4.579 sec
	FAILED
Should not throw exception net.sourceforge.czt.animation.eval.EvalException: Error: unfolded term contains type errors.
No location information: Undeclared identifier: unknown(X)"jar:file:/E:/marku/czt/trunk/lib/zlive.jar!/preprocess.tex", line 87: Undeclared identifier: x"jar:file:/E:/marku/czt/trunk/lib/zlive.jar!/preprocess.tex", line 144: Undeclared identifier: x"jar:file:/E:/marku/czt/trunk/lib/zlive.jar!/preprocess.tex", line 144: Undeclared identifier: x
junit.framework.AssertionFailedError: Should not throw exception net.sourceforge.czt.animation.eval.EvalException: Error: unfolded term contains type errors.
No location information: Undeclared identifier: unknown(X)"jar:file:/E:/marku/czt/trunk/lib/zlive.jar!/preprocess.tex", line 87: Undeclared identifier: x"jar:file:/E:/marku/czt/trunk/lib/zlive.jar!/preprocess.tex", line 144: Undeclared identifier: x"jar:file:/E:/marku/czt/trunk/lib/zlive.jar!/preprocess.tex", line 144: Undeclared identifier: x
	at net.sourceforge.czt.animation.eval.EvalTest$PredTest.runTest(EvalTest.java:110)

Testcase: animate_sequences.tex:48 took 4.921 sec
	FAILED
Should not throw exception net.sourceforge.czt.animation.eval.EvalException: Error: unfolded term contains type errors.
No location information: Undeclared identifier: unknown(X)"jar:file:/E:/marku/czt/trunk/lib/zlive.jar!/preprocess.tex", line 87: Undeclared identifier: x"jar:file:/E:/marku/czt/trunk/lib/zlive.jar!/preprocess.tex", line 144: Undeclared identifier: x"jar:file:/E:/marku/czt/trunk/lib/zlive.jar!/preprocess.tex", line 144: Undeclared identifier: x
junit.framework.AssertionFailedError: Should not throw exception net.sourceforge.czt.animation.eval.EvalException: Error: unfolded term contains type errors.
No location information: Undeclared identifier: unknown(X)"jar:file:/E:/marku/czt/trunk/lib/zlive.jar!/preprocess.tex", line 87: Undeclared identifier: x"jar:file:/E:/marku/czt/trunk/lib/zlive.jar!/preprocess.tex", line 144: Undeclared identifier: x"jar:file:/E:/marku/czt/trunk/lib/zlive.jar!/preprocess.tex", line 144: Undeclared identifier: x
	at net.sourceforge.czt.animation.eval.EvalTest$PredTest.runTest(EvalTest.java:110)

Testcase: animate_sequences.tex:50 took 4.938 sec
	FAILED
Should not throw exception net.sourceforge.czt.animation.eval.EvalException: Error: unfolded term contains type errors.
No location information: Undeclared identifier: unknown(X)"jar:file:/E:/marku/czt/trunk/lib/zlive.jar!/preprocess.tex", line 87: Undeclared identifier: x"jar:file:/E:/marku/czt/trunk/lib/zlive.jar!/preprocess.tex", line 144: Undeclared identifier: x"jar:file:/E:/marku/czt/trunk/lib/zlive.jar!/preprocess.tex", line 144: Undeclared identifier: x
junit.framework.AssertionFailedError: Should not throw exception net.sourceforge.czt.animation.eval.EvalException: Error: unfolded term contains type errors.
No location information: Undeclared identifier: unknown(X)"jar:file:/E:/marku/czt/trunk/lib/zlive.jar!/preprocess.tex", line 87: Undeclared identifier: x"jar:file:/E:/marku/czt/trunk/lib/zlive.jar!/preprocess.tex", line 144: Undeclared identifier: x"jar:file:/E:/marku/czt/trunk/lib/zlive.jar!/preprocess.tex", line 144: Undeclared identifier: x
	at net.sourceforge.czt.animation.eval.EvalTest$PredTest.runTest(EvalTest.java:110)

Testcase: animate_sequences.tex:54 took 3.469 sec
	FAILED
Should not throw exception net.sourceforge.czt.animation.eval.EvalException: Error: unfolded term contains type errors.
No location information: Undeclared identifier: unknown(X)"jar:file:/E:/marku/czt/trunk/lib/zlive.jar!/preprocess.tex", line 87: Undeclared identifier: x"jar:file:/E:/marku/czt/trunk/lib/zlive.jar!/preprocess.tex", line 144: Undeclared identifier: x"jar:file:/E:/marku/czt/trunk/lib/zlive.jar!/preprocess.tex", line 144: Undeclared identifier: x
junit.framework.AssertionFailedError: Should not throw exception net.sourceforge.czt.animation.eval.EvalException: Error: unfolded term contains type errors.
No location information: Undeclared identifier: unknown(X)"jar:file:/E:/marku/czt/trunk/lib/zlive.jar!/preprocess.tex", line 87: Undeclared identifier: x"jar:file:/E:/marku/czt/trunk/lib/zlive.jar!/preprocess.tex", line 144: Undeclared identifier: x"jar:file:/E:/marku/czt/trunk/lib/zlive.jar!/preprocess.tex", line 144: Undeclared identifier: x
	at net.sourceforge.czt.animation.eval.EvalTest$PredTest.runTest(EvalTest.java:110)

Testcase: animate_sequences.tex:55 took 3.468 sec
	FAILED
Should not throw exception net.sourceforge.czt.animation.eval.EvalException: Error: unfolded term contains type errors.
No location information: Undeclared identifier: unknown(X)"jar:file:/E:/marku/czt/trunk/lib/zlive.jar!/preprocess.tex", line 87: Undeclared identifier: x"jar:file:/E:/marku/czt/trunk/lib/zlive.jar!/preprocess.tex", line 144: Undeclared identifier: x"jar:file:/E:/marku/czt/trunk/lib/zlive.jar!/preprocess.tex", line 144: Undeclared identifier: x
junit.framework.AssertionFailedError: Should not throw exception net.sourceforge.czt.animation.eval.EvalException: Error: unfolded term contains type errors.
No location information: Undeclared identifier: unknown(X)"jar:file:/E:/marku/czt/trunk/lib/zlive.jar!/preprocess.tex", line 87: Undeclared identifier: x"jar:file:/E:/marku/czt/trunk/lib/zlive.jar!/preprocess.tex", line 144: Undeclared identifier: x"jar:file:/E:/marku/czt/trunk/lib/zlive.jar!/preprocess.tex", line 144: Undeclared identifier: x
	at net.sourceforge.czt.animation.eval.EvalTest$PredTest.runTest(EvalTest.java:110)

Testcase: animate_sequences.tex:57 took 3.297 sec
	FAILED
Should not throw exception net.sourceforge.czt.animation.eval.EvalException: Error: unfolded term contains type errors.
No location information: Undeclared identifier: unknown(X)"jar:file:/E:/marku/czt/trunk/lib/zlive.jar!/preprocess.tex", line 87: Undeclared identifier: x"jar:file:/E:/marku/czt/trunk/lib/zlive.jar!/preprocess.tex", line 144: Undeclared identifier: x"jar:file:/E:/marku/czt/trunk/lib/zlive.jar!/preprocess.tex", line 144: Undeclared identifier: x
junit.framework.AssertionFailedError: Should not throw exception net.sourceforge.czt.animation.eval.EvalException: Error: unfolded term contains type errors.
No location information: Undeclared identifier: unknown(X)"jar:file:/E:/marku/czt/trunk/lib/zlive.jar!/preprocess.tex", line 87: Undeclared identifier: x"jar:file:/E:/marku/czt/trunk/lib/zlive.jar!/preprocess.tex", line 144: Undeclared identifier: x"jar:file:/E:/marku/czt/trunk/lib/zlive.jar!/preprocess.tex", line 144: Undeclared identifier: x
	at net.sourceforge.czt.animation.eval.EvalTest$PredTest.runTest(EvalTest.java:110)

Testcase: animate_sequences.tex:58 took 3.313 sec
	FAILED
Should not throw exception net.sourceforge.czt.animation.eval.EvalException: Error: unfolded term contains type errors.
No location information: Undeclared identifier: unknown(X)"jar:file:/E:/marku/czt/trunk/lib/zlive.jar!/preprocess.tex", line 87: Undeclared identifier: x"jar:file:/E:/marku/czt/trunk/lib/zlive.jar!/preprocess.tex", line 144: Undeclared identifier: x"jar:file:/E:/marku/czt/trunk/lib/zlive.jar!/preprocess.tex", line 144: Undeclared identifier: x
junit.framework.AssertionFailedError: Should not throw exception net.sourceforge.czt.animation.eval.EvalException: Error: unfolded term contains type errors.
No location information: Undeclared identifier: unknown(X)"jar:file:/E:/marku/czt/trunk/lib/zlive.jar!/preprocess.tex", line 87: Undeclared identifier: x"jar:file:/E:/marku/czt/trunk/lib/zlive.jar!/preprocess.tex", line 144: Undeclared identifier: x"jar:file:/E:/marku/czt/trunk/lib/zlive.jar!/preprocess.tex", line 144: Undeclared identifier: x
	at net.sourceforge.czt.animation.eval.EvalTest$PredTest.runTest(EvalTest.java:110)

Testcase: animate_sequences.tex:60 took 3.547 sec
	FAILED
Should not throw exception net.sourceforge.czt.animation.eval.EvalException: Error: unfolded term contains type errors.
No location information: Undeclared identifier: unknown(X)"jar:file:/E:/marku/czt/trunk/lib/zlive.jar!/preprocess.tex", line 87: Undeclared identifier: x"jar:file:/E:/marku/czt/trunk/lib/zlive.jar!/preprocess.tex", line 144: Undeclared identifier: x"jar:file:/E:/marku/czt/trunk/lib/zlive.jar!/preprocess.tex", line 144: Undeclared identifier: x
junit.framework.AssertionFailedError: Should not throw exception net.sourceforge.czt.animation.eval.EvalException: Error: unfolded term contains type errors.
No location information: Undeclared identifier: unknown(X)"jar:file:/E:/marku/czt/trunk/lib/zlive.jar!/preprocess.tex", line 87: Undeclared identifier: x"jar:file:/E:/marku/czt/trunk/lib/zlive.jar!/preprocess.tex", line 144: Undeclared identifier: x"jar:file:/E:/marku/czt/trunk/lib/zlive.jar!/preprocess.tex", line 144: Undeclared identifier: x
	at net.sourceforge.czt.animation.eval.EvalTest$PredTest.runTest(EvalTest.java:110)

Testcase: animate_sequences.tex:61 took 3.844 sec
	FAILED
Should not throw exception net.sourceforge.czt.animation.eval.EvalException: Error: unfolded term contains type errors.
No location information: Undeclared identifier: unknown(X)"jar:file:/E:/marku/czt/trunk/lib/zlive.jar!/preprocess.tex", line 87: Undeclared identifier: x"jar:file:/E:/marku/czt/trunk/lib/zlive.jar!/preprocess.tex", line 144: Undeclared identifier: x"jar:file:/E:/marku/czt/trunk/lib/zlive.jar!/preprocess.tex", line 144: Undeclared identifier: x
junit.framework.AssertionFailedError: Should not throw exception net.sourceforge.czt.animation.eval.EvalException: Error: unfolded term contains type errors.
No location information: Undeclared identifier: unknown(X)"jar:file:/E:/marku/czt/trunk/lib/zlive.jar!/preprocess.tex", line 87: Undeclared identifier: x"jar:file:/E:/marku/czt/trunk/lib/zlive.jar!/preprocess.tex", line 144: Undeclared identifier: x"jar:file:/E:/marku/czt/trunk/lib/zlive.jar!/preprocess.tex", line 144: Undeclared identifier: x
	at net.sourceforge.czt.animation.eval.EvalTest$PredTest.runTest(EvalTest.java:110)

Testcase: animate_sequences.tex:63 took 0.468 sec
Testcase: animate_sequences.tex:64 took 0.422 sec
Testcase: animate_sequences.tex:67 took 0.438 sec
Testcase: animate_sequences.tex:68 took 0.703 sec
Testcase: animate_sequences.tex:69 took 0.422 sec
Testcase: animate_sequences.tex:70 took 0.547 sec
Testcase: animate_sequences.tex:71 took 1.093 sec
Testcase: animate_sequences.tex:72 took 0.188 sec
Testcase: animate_sequences.tex:75 took 1.937 sec
Testcase: animate_sequences.tex:76 took 2.516 sec
Testcase: animate_sequences.tex:77 took 1.875 sec
Testcase: animate_sequences.tex:78 took 1.953 sec
Testcase: animate_sequences.tex:79 took 7.078 sec
Testcase: animate_sequences.tex:80 took 2.094 sec
Testcase: animate_sequences.tex:83 took 0.688 sec
Testcase: animate_sequences.tex:84 took 1.25 sec
Testcase: animate_sequences.tex:85 took 0.64 sec
Testcase: animate_sequences.tex:86 took 0.906 sec
Testcase: animate_sequences.tex:87 took 3.454 sec
Testcase: animate_sequences.tex:88 took 0.781 sec
Testcase: animate_sequences.tex:91 took 1.234 sec
Testcase: animate_sequences.tex:92 took 1.86 sec
Testcase: animate_sequences.tex:93 took 1.187 sec
Testcase: animate_sequences.tex:94 took 1.359 sec
Testcase: animate_sequences.tex:95 took 5.563 sec
Testcase: animate_sequences.tex:96 took 1.328 sec
Testcase: animate_sequences.tex:100 took 0.609 sec
Testcase: animate_sequences.tex:101 took 0.735 sec
Testcase: animate_sequences.tex:102 took 1.031 sec
Testcase: animate_sequences.tex:103 took 0.781 sec
Testcase: animate_sequences.tex:104 took 0.766 sec
Testcase: animate_sequences.tex:107 took 0.828 sec
	FAILED
Should not throw exception net.sourceforge.czt.animation.eval.EvalException: ZLive does not handle net.sourceforge.czt.z.impl.RefExprImpl yet. generic
junit.framework.AssertionFailedError: Should not throw exception net.sourceforge.czt.animation.eval.EvalException: ZLive does not handle net.sourceforge.czt.z.impl.RefExprImpl yet. generic
	at net.sourceforge.czt.animation.eval.EvalTest$PredTest.runTest(EvalTest.java:110)

Testcase: animate_sequences.tex:108 took 0.953 sec
	FAILED
Should not throw exception net.sourceforge.czt.animation.eval.EvalException: ZLive does not handle net.sourceforge.czt.z.impl.RefExprImpl yet. generic
junit.framework.AssertionFailedError: Should not throw exception net.sourceforge.czt.animation.eval.EvalException: ZLive does not handle net.sourceforge.czt.z.impl.RefExprImpl yet. generic
	at net.sourceforge.czt.animation.eval.EvalTest$PredTest.runTest(EvalTest.java:110)

Testcase: animate_sequences.tex:109 took 1.203 sec
	FAILED
Should not throw exception net.sourceforge.czt.animation.eval.EvalException: ZLive does not handle net.sourceforge.czt.z.impl.RefExprImpl yet. generic
junit.framework.AssertionFailedError: Should not throw exception net.sourceforge.czt.animation.eval.EvalException: ZLive does not handle net.sourceforge.czt.z.impl.RefExprImpl yet. generic
	at net.sourceforge.czt.animation.eval.EvalTest$PredTest.runTest(EvalTest.java:110)

Testcase: animate_sequences.tex:110 took 0.985 sec
	FAILED
Should not throw exception net.sourceforge.czt.animation.eval.EvalException: ZLive does not handle net.sourceforge.czt.z.impl.RefExprImpl yet. generic
junit.framework.AssertionFailedError: Should not throw exception net.sourceforge.czt.animation.eval.EvalException: ZLive does not handle net.sourceforge.czt.z.impl.RefExprImpl yet. generic
	at net.sourceforge.czt.animation.eval.EvalTest$PredTest.runTest(EvalTest.java:110)

Testcase: animate_sequences.tex:111 took 0.984 sec
	FAILED
Should not throw exception net.sourceforge.czt.animation.eval.EvalException: ZLive does not handle net.sourceforge.czt.z.impl.RefExprImpl yet. generic
junit.framework.AssertionFailedError: Should not throw exception net.sourceforge.czt.animation.eval.EvalException: ZLive does not handle net.sourceforge.czt.z.impl.RefExprImpl yet. generic
	at net.sourceforge.czt.animation.eval.EvalTest$PredTest.runTest(EvalTest.java:110)

Testcase: animate_sequences.tex:114 took 1.094 sec
	FAILED
Should not throw exception net.sourceforge.czt.animation.eval.EvalException: ZLive does not handle net.sourceforge.czt.z.impl.RefExprImpl yet. generic
junit.framework.AssertionFailedError: Should not throw exception net.sourceforge.czt.animation.eval.EvalException: ZLive does not handle net.sourceforge.czt.z.impl.RefExprImpl yet. generic
	at net.sourceforge.czt.animation.eval.EvalTest$PredTest.runTest(EvalTest.java:110)

Testcase: animate_sequences.tex:115 took 1.219 sec
	FAILED
Should not throw exception net.sourceforge.czt.animation.eval.EvalException: ZLive does not handle net.sourceforge.czt.z.impl.RefExprImpl yet. generic
junit.framework.AssertionFailedError: Should not throw exception net.sourceforge.czt.animation.eval.EvalException: ZLive does not handle net.sourceforge.czt.z.impl.RefExprImpl yet. generic
	at net.sourceforge.czt.animation.eval.EvalTest$PredTest.runTest(EvalTest.java:110)

Testcase: animate_sequences.tex:116 took 1.218 sec
	FAILED
Should not throw exception net.sourceforge.czt.animation.eval.EvalException: ZLive does not handle net.sourceforge.czt.z.impl.RefExprImpl yet. generic
junit.framework.AssertionFailedError: Should not throw exception net.sourceforge.czt.animation.eval.EvalException: ZLive does not handle net.sourceforge.czt.z.impl.RefExprImpl yet. generic
	at net.sourceforge.czt.animation.eval.EvalTest$PredTest.runTest(EvalTest.java:110)

Testcase: animate_sequences.tex:117 took 1.235 sec
	FAILED
Should not throw exception net.sourceforge.czt.animation.eval.EvalException: ZLive does not handle net.sourceforge.czt.z.impl.RefExprImpl yet. generic
junit.framework.AssertionFailedError: Should not throw exception net.sourceforge.czt.animation.eval.EvalException: ZLive does not handle net.sourceforge.czt.z.impl.RefExprImpl yet. generic
	at net.sourceforge.czt.animation.eval.EvalTest$PredTest.runTest(EvalTest.java:110)

Testcase: animate_sequences.tex:118 took 1.359 sec
	FAILED
Should not throw exception net.sourceforge.czt.animation.eval.EvalException: ZLive does not handle net.sourceforge.czt.z.impl.RefExprImpl yet. generic
junit.framework.AssertionFailedError: Should not throw exception net.sourceforge.czt.animation.eval.EvalException: ZLive does not handle net.sourceforge.czt.z.impl.RefExprImpl yet. generic
	at net.sourceforge.czt.animation.eval.EvalTest$PredTest.runTest(EvalTest.java:110)

Testcase: animate_sequences.tex:119 took 1.359 sec
	FAILED
Should not throw exception net.sourceforge.czt.animation.eval.EvalException: ZLive does not handle net.sourceforge.czt.z.impl.RefExprImpl yet. generic
junit.framework.AssertionFailedError: Should not throw exception net.sourceforge.czt.animation.eval.EvalException: ZLive does not handle net.sourceforge.czt.z.impl.RefExprImpl yet. generic
	at net.sourceforge.czt.animation.eval.EvalTest$PredTest.runTest(EvalTest.java:110)

Testcase: animate_sequences.tex:120 took 1.469 sec
	FAILED
Should not throw exception net.sourceforge.czt.animation.eval.EvalException: ZLive does not handle net.sourceforge.czt.z.impl.RefExprImpl yet. generic
junit.framework.AssertionFailedError: Should not throw exception net.sourceforge.czt.animation.eval.EvalException: ZLive does not handle net.sourceforge.czt.z.impl.RefExprImpl yet. generic
	at net.sourceforge.czt.animation.eval.EvalTest$PredTest.runTest(EvalTest.java:110)

Testcase: animate_sequences.tex:121 took 1.375 sec
	FAILED
Should not throw exception net.sourceforge.czt.animation.eval.EvalException: ZLive does not handle net.sourceforge.czt.z.impl.RefExprImpl yet. generic
junit.framework.AssertionFailedError: Should not throw exception net.sourceforge.czt.animation.eval.EvalException: ZLive does not handle net.sourceforge.czt.z.impl.RefExprImpl yet. generic
	at net.sourceforge.czt.animation.eval.EvalTest$PredTest.runTest(EvalTest.java:110)

Testcase: animate_sequences.tex:122 took 1.375 sec
	FAILED
Should not throw exception net.sourceforge.czt.animation.eval.EvalException: ZLive does not handle net.sourceforge.czt.z.impl.RefExprImpl yet. generic
junit.framework.AssertionFailedError: Should not throw exception net.sourceforge.czt.animation.eval.EvalException: ZLive does not handle net.sourceforge.czt.z.impl.RefExprImpl yet. generic
	at net.sourceforge.czt.animation.eval.EvalTest$PredTest.runTest(EvalTest.java:110)

Testcase: animate_sequences.tex:126 took 4.672 sec
	FAILED
Should not throw exception net.sourceforge.czt.animation.eval.EvalException: Error: unfolded term contains type errors.
No location information: Undeclared identifier: unknown(X)"jar:file:/E:/marku/czt/trunk/lib/zlive.jar!/preprocess.tex", line 87: Undeclared identifier: x"jar:file:/E:/marku/czt/trunk/lib/zlive.jar!/preprocess.tex", line 144: Undeclared identifier: x"jar:file:/E:/marku/czt/trunk/lib/zlive.jar!/preprocess.tex", line 144: Undeclared identifier: x
junit.framework.AssertionFailedError: Should not throw exception net.sourceforge.czt.animation.eval.EvalException: Error: unfolded term contains type errors.
No location information: Undeclared identifier: unknown(X)"jar:file:/E:/marku/czt/trunk/lib/zlive.jar!/preprocess.tex", line 87: Undeclared identifier: x"jar:file:/E:/marku/czt/trunk/lib/zlive.jar!/preprocess.tex", line 144: Undeclared identifier: x"jar:file:/E:/marku/czt/trunk/lib/zlive.jar!/preprocess.tex", line 144: Undeclared identifier: x
	at net.sourceforge.czt.animation.eval.EvalTest$PredTest.runTest(EvalTest.java:110)

Testcase: animate_sequences.tex:129 took 0.469 sec
Testcase: animate_sequences.tex:130 took 2.328 sec
	FAILED
Should not throw exception net.sourceforge.czt.animation.eval.EvalException: ZLive does not handle net.sourceforge.czt.z.impl.ApplExprImpl yet. ?/
junit.framework.AssertionFailedError: Should not throw exception net.sourceforge.czt.animation.eval.EvalException: ZLive does not handle net.sourceforge.czt.z.impl.ApplExprImpl yet. ?/
	at net.sourceforge.czt.animation.eval.EvalTest$PredTest.runTest(EvalTest.java:110)

Testcase: animate_sequences.tex:131 took 2.688 sec
	FAILED
Should not throw exception net.sourceforge.czt.animation.eval.EvalException: ZLive does not handle net.sourceforge.czt.z.impl.ApplExprImpl yet. ?/
junit.framework.AssertionFailedError: Should not throw exception net.sourceforge.czt.animation.eval.EvalException: ZLive does not handle net.sourceforge.czt.z.impl.ApplExprImpl yet. ?/
	at net.sourceforge.czt.animation.eval.EvalTest$PredTest.runTest(EvalTest.java:110)

Testcase: animate_sequences.tex:132 took 1.593 sec
	FAILED
Should not throw exception net.sourceforge.czt.animation.eval.EvalException: ZLive does not handle net.sourceforge.czt.z.impl.ApplExprImpl yet. ?/
junit.framework.AssertionFailedError: Should not throw exception net.sourceforge.czt.animation.eval.EvalException: ZLive does not handle net.sourceforge.czt.z.impl.ApplExprImpl yet. ?/
	at net.sourceforge.czt.animation.eval.EvalTest$PredTest.runTest(EvalTest.java:110)

Testcase: animate_sequences.tex:135 took 1.297 sec
Testcase: animate_sequences.tex:136 took 1.516 sec
Testcase: animate_sequences.tex:137 took 2.062 sec
Testcase: animate_sequences.tex:138 took 2.079 sec
Testcase: animate_sequences.tex:139 took 2.062 sec
Testcase: animate_sequences.tex:140 took 1.813 sec
Testcase: animate_sequences.tex:141 took 1.843 sec
	FAILED
Should be undefined: net.sourceforge.czt.z.impl.ApplExprImpl@1a446251
junit.framework.AssertionFailedError: Should be undefined: net.sourceforge.czt.z.impl.ApplExprImpl@1a446251
	at net.sourceforge.czt.animation.eval.EvalTest$UndefTest.runTest(EvalTest.java:133)

Testcase: animate_sequences.tex:144 took 2.469 sec
Testcase: animate_sequences.tex:145 took 2.859 sec
Testcase: animate_sequences.tex:146 took 6.672 sec
Testcase: animate_sequences.tex:147 took 2.125 sec
Testcase: animate_sequences.tex:148 took 4.782 sec
Testcase: animate_sequences.tex:151 took 2.468 sec
Testcase: animate_sequences.tex:152 took 2.844 sec
Testcase: animate_sequences.tex:153 took 2.859 sec
Testcase: animate_sequences.tex:154 took 4.672 sec
